<?xml version="1.0" encoding="UTF-8" ?>
<testsuite tests="4" failures="1" name="TestSuite" time="178.197" errors="0" skipped="0">
  <properties>
    <property name="java.runtime.name" value="Java(TM) SE Runtime Environment"/>
    <property name="sun.boot.library.path" value="C:\Program Files\Java\jdk1.8.0_151\jre\bin"/>
    <property name="java.vm.version" value="25.151-b12"/>
    <property name="java.vm.vendor" value="Oracle Corporation"/>
    <property name="java.vendor.url" value="http://java.oracle.com/"/>
    <property name="path.separator" value=";"/>
    <property name="java.vm.name" value="Java HotSpot(TM) 64-Bit Server VM"/>
    <property name="file.encoding.pkg" value="sun.io"/>
    <property name="user.script" value=""/>
    <property name="user.country" value="CN"/>
    <property name="sun.java.launcher" value="SUN_STANDARD"/>
    <property name="sun.os.patch.level" value=""/>
    <property name="java.vm.specification.name" value="Java Virtual Machine Specification"/>
    <property name="user.dir" value="E:\DiscuzProgrem"/>
    <property name="java.runtime.version" value="1.8.0_151-b12"/>
    <property name="java.awt.graphicsenv" value="sun.awt.Win32GraphicsEnvironment"/>
    <property name="basedir" value="E:\DiscuzProgrem"/>
    <property name="java.endorsed.dirs" value="C:\Program Files\Java\jdk1.8.0_151\jre\lib\endorsed"/>
    <property name="os.arch" value="amd64"/>
    <property name="surefire.real.class.path" value="C:\Users\lenovo\AppData\Local\Temp\surefirebooter1296305618867324169.jar"/>
    <property name="java.io.tmpdir" value="C:\Users\lenovo\AppData\Local\Temp\"/>
    <property name="line.separator" value="
"/>
    <property name="java.vm.specification.vendor" value="Oracle Corporation"/>
    <property name="user.variant" value=""/>
    <property name="os.name" value="Windows 10"/>
    <property name="sun.jnu.encoding" value="GBK"/>
    <property name="jnidispatch.path" value="C:\Users\lenovo\AppData\Local\Temp\jna--1106355917\jna6203889050020940730.dll"/>
    <property name="java.library.path" value="C:\Program Files\Java\jdk1.8.0_151\jre\bin;C:\WINDOWS\Sun\Java\bin;C:\WINDOWS\system32;C:\WINDOWS;E:\Maven\maven-3.0.5\bin;C:\Program Files (x86)\Common Files\NetSarang;C:\ProgramData\Oracle\Java\javapath;C:\Program Files (x86)\Intel\iCLS Client\;C:\Program Files\Intel\iCLS Client\;C:\Windows\system32;C:\Windows;C:\Windows\System32\Wbem;C:\Windows\System32\WindowsPowerShell\v1.0\;C:\Program Files (x86)\NVIDIA Corporation\PhysX\Common;C:\Program Files (x86)\Intel\Intel(R) Management Engine Components\DAL;C:\Program Files\Intel\Intel(R) Management Engine Components\DAL;C:\Program Files (x86)\Intel\Intel(R) Management Engine Components\IPT;C:\Program Files\Intel\Intel(R) Management Engine Components\IPT;C:\Program Files\Java\jdk1.8.0_151\bin;C:\WINDOWS\system32;C:\WINDOWS;C:\WINDOWS\System32\Wbem;C:\WINDOWS\System32\WindowsPowerShell\v1.0\;C:\Program Files\MySQL\MySQL Utilities 1.6\;C:\Program Files (x86)\HP\NV\lib\thirdparty\safenet\LDK\7.0;C:\Program Files (x86)\HP\NV\lib\shunra\snv;C:\Program Files (x86)\HP\LoadRunner\strawberry-perl\perl\bin;E:\工具\Git\cmd;E:\Tools\Git\cmd;E:\Software\;C:\Program Files\adt-bundle-windows\sdk\tools;C:\Program Files\adt-bundle-windows\sdk\platform-tools;E:\Python\Scripts\;D:\python;E:\Python\Scripts\;E:\Python\;C:\Users\lenovo\AppData\Local\Microsoft\WindowsApps;;D:\安装包\Fiddler;C:\Users\lenovo\AppData\Roaming\npm;E:\Python\Microsoft VS Code\bin;."/>
    <property name="surefire.test.class.path" value="E:\DiscuzProgrem\target\test-classes;E:\DiscuzProgrem\target\classes;E:\Maven\MAVENYILAIBAO\user\org\seleniumhq\selenium\selenium-java\2.48.2\selenium-java-2.48.2.jar;E:\Maven\MAVENYILAIBAO\user\org\seleniumhq\selenium\selenium-chrome-driver\2.48.2\selenium-chrome-driver-2.48.2.jar;E:\Maven\MAVENYILAIBAO\user\org\seleniumhq\selenium\selenium-edge-driver\2.48.2\selenium-edge-driver-2.48.2.jar;E:\Maven\MAVENYILAIBAO\user\org\seleniumhq\selenium\selenium-htmlunit-driver\2.48.2\selenium-htmlunit-driver-2.48.2.jar;E:\Maven\MAVENYILAIBAO\user\net\sourceforge\htmlunit\htmlunit\2.18\htmlunit-2.18.jar;E:\Maven\MAVENYILAIBAO\user\xalan\xalan\2.7.2\xalan-2.7.2.jar;E:\Maven\MAVENYILAIBAO\user\xalan\serializer\2.7.2\serializer-2.7.2.jar;E:\Maven\MAVENYILAIBAO\user\commons-collections\commons-collections\3.2.1\commons-collections-3.2.1.jar;E:\Maven\MAVENYILAIBAO\user\org\apache\commons\commons-lang3\3.4\commons-lang3-3.4.jar;E:\Maven\MAVENYILAIBAO\user\org\apache\httpcomponents\httpmime\4.5\httpmime-4.5.jar;E:\Maven\MAVENYILAIBAO\user\commons-codec\commons-codec\1.10\commons-codec-1.10.jar;E:\Maven\MAVENYILAIBAO\user\net\sourceforge\htmlunit\htmlunit-core-js\2.17\htmlunit-core-js-2.17.jar;E:\Maven\MAVENYILAIBAO\user\xerces\xercesImpl\2.11.0\xercesImpl-2.11.0.jar;E:\Maven\MAVENYILAIBAO\user\net\sourceforge\nekohtml\nekohtml\1.9.22\nekohtml-1.9.22.jar;E:\Maven\MAVENYILAIBAO\user\net\sourceforge\cssparser\cssparser\0.9.16\cssparser-0.9.16.jar;E:\Maven\MAVENYILAIBAO\user\org\w3c\css\sac\1.3\sac-1.3.jar;E:\Maven\MAVENYILAIBAO\user\commons-logging\commons-logging\1.2\commons-logging-1.2.jar;E:\Maven\MAVENYILAIBAO\user\org\eclipse\jetty\websocket\websocket-client\9.2.12.v20150709\websocket-client-9.2.12.v20150709.jar;E:\Maven\MAVENYILAIBAO\user\org\eclipse\jetty\jetty-util\9.2.12.v20150709\jetty-util-9.2.12.v20150709.jar;E:\Maven\MAVENYILAIBAO\user\org\eclipse\jetty\jetty-io\9.2.12.v20150709\jetty-io-9.2.12.v20150709.jar;E:\Maven\MAVENYILAIBAO\user\org\eclipse\jetty\websocket\websocket-common\9.2.12.v20150709\websocket-common-9.2.12.v20150709.jar;E:\Maven\MAVENYILAIBAO\user\org\eclipse\jetty\websocket\websocket-api\9.2.12.v20150709\websocket-api-9.2.12.v20150709.jar;E:\Maven\MAVENYILAIBAO\user\org\apache\httpcomponents\httpclient\4.5.1\httpclient-4.5.1.jar;E:\Maven\MAVENYILAIBAO\user\org\apache\httpcomponents\httpcore\4.4.3\httpcore-4.4.3.jar;E:\Maven\MAVENYILAIBAO\user\org\seleniumhq\selenium\selenium-ie-driver\2.48.2\selenium-ie-driver-2.48.2.jar;E:\Maven\MAVENYILAIBAO\user\net\java\dev\jna\jna\4.1.0\jna-4.1.0.jar;E:\Maven\MAVENYILAIBAO\user\net\java\dev\jna\jna-platform\4.1.0\jna-platform-4.1.0.jar;E:\Maven\MAVENYILAIBAO\user\org\seleniumhq\selenium\selenium-safari-driver\2.48.2\selenium-safari-driver-2.48.2.jar;E:\Maven\MAVENYILAIBAO\user\org\seleniumhq\selenium\selenium-support\2.48.2\selenium-support-2.48.2.jar;E:\Maven\MAVENYILAIBAO\user\org\webbitserver\webbit\0.4.14\webbit-0.4.14.jar;E:\Maven\MAVENYILAIBAO\user\io\netty\netty\3.5.2.Final\netty-3.5.2.Final.jar;E:\Maven\MAVENYILAIBAO\user\org\seleniumhq\selenium\selenium-leg-rc\2.48.2\selenium-leg-rc-2.48.2.jar;E:\Maven\MAVENYILAIBAO\user\org\seleniumhq\selenium\selenium-firefox-driver\2.52.0\selenium-firefox-driver-2.52.0.jar;E:\Maven\MAVENYILAIBAO\user\org\seleniumhq\selenium\selenium-remote-driver\2.52.0\selenium-remote-driver-2.52.0.jar;E:\Maven\MAVENYILAIBAO\user\cglib\cglib-nodep\2.1_3\cglib-nodep-2.1_3.jar;E:\Maven\MAVENYILAIBAO\user\com\google\code\gson\gson\2.3.1\gson-2.3.1.jar;E:\Maven\MAVENYILAIBAO\user\org\seleniumhq\selenium\selenium-api\2.52.0\selenium-api-2.52.0.jar;E:\Maven\MAVENYILAIBAO\user\com\google\guava\guava\19.0\guava-19.0.jar;E:\Maven\MAVENYILAIBAO\user\commons-io\commons-io\2.4\commons-io-2.4.jar;E:\Maven\MAVENYILAIBAO\user\org\apache\commons\commons-exec\1.3\commons-exec-1.3.jar;E:\Maven\MAVENYILAIBAO\user\log4j\log4j\1.2.16\log4j-1.2.16.jar;E:\Maven\MAVENYILAIBAO\user\org\testng\testng\6.9.10\testng-6.9.10.jar;E:\Maven\MAVENYILAIBAO\user\com\beust\jcommander\1.48\jcommander-1.48.jar;E:\Maven\MAVENYILAIBAO\user\org\beanshell\bsh\2.0b4\bsh-2.0b4.jar;E:\Maven\MAVENYILAIBAO\user\org\apache\maven\plugins\maven-resources-plugin\2.5\maven-resources-plugin-2.5.jar;E:\Maven\MAVENYILAIBAO\user\org\apache\maven\maven-plugin-api\2.0.6\maven-plugin-api-2.0.6.jar;E:\Maven\MAVENYILAIBAO\user\org\apache\maven\maven-project\2.0.6\maven-project-2.0.6.jar;E:\Maven\MAVENYILAIBAO\user\org\apache\maven\maven-profile\2.0.6\maven-profile-2.0.6.jar;E:\Maven\MAVENYILAIBAO\user\org\apache\maven\maven-artifact-manager\2.0.6\maven-artifact-manager-2.0.6.jar;E:\Maven\MAVENYILAIBAO\user\org\apache\maven\maven-plugin-registry\2.0.6\maven-plugin-registry-2.0.6.jar;E:\Maven\MAVENYILAIBAO\user\org\apache\maven\maven-core\2.0.6\maven-core-2.0.6.jar;E:\Maven\MAVENYILAIBAO\user\org\apache\maven\wagon\wagon-file\1.0-beta-2\wagon-file-1.0-beta-2.jar;E:\Maven\MAVENYILAIBAO\user\org\apache\maven\maven-plugin-parameter-documenter\2.0.6\maven-plugin-parameter-documenter-2.0.6.jar;E:\Maven\MAVENYILAIBAO\user\org\apache\maven\wagon\wagon-http-lightweight\1.0-beta-2\wagon-http-lightweight-1.0-beta-2.jar;E:\Maven\MAVENYILAIBAO\user\org\apache\maven\wagon\wagon-http-shared\1.0-beta-2\wagon-http-shared-1.0-beta-2.jar;E:\Maven\MAVENYILAIBAO\user\jtidy\jtidy\4aug2000r7-dev\jtidy-4aug2000r7-dev.jar;E:\Maven\MAVENYILAIBAO\user\xml-apis\xml-apis\1.0.b2\xml-apis-1.0.b2.jar;E:\Maven\MAVENYILAIBAO\user\org\apache\maven\reporting\maven-reporting-api\2.0.6\maven-reporting-api-2.0.6.jar;E:\Maven\MAVENYILAIBAO\user\org\apache\maven\doxia\doxia-sink-api\1.0-alpha-7\doxia-sink-api-1.0-alpha-7.jar;E:\Maven\MAVENYILAIBAO\user\org\apache\maven\wagon\wagon-provider-api\1.0-beta-2\wagon-provider-api-1.0-beta-2.jar;E:\Maven\MAVENYILAIBAO\user\org\apache\maven\maven-repository-metadata\2.0.6\maven-repository-metadata-2.0.6.jar;E:\Maven\MAVENYILAIBAO\user\org\apache\maven\maven-error-diagnostics\2.0.6\maven-error-diagnostics-2.0.6.jar;E:\Maven\MAVENYILAIBAO\user\commons-cli\commons-cli\1.0\commons-cli-1.0.jar;E:\Maven\MAVENYILAIBAO\user\org\apache\maven\wagon\wagon-ssh-external\1.0-beta-2\wagon-ssh-external-1.0-beta-2.jar;E:\Maven\MAVENYILAIBAO\user\org\apache\maven\wagon\wagon-ssh-common\1.0-beta-2\wagon-ssh-common-1.0-beta-2.jar;E:\Maven\MAVENYILAIBAO\user\org\apache\maven\maven-plugin-descriptor\2.0.6\maven-plugin-descriptor-2.0.6.jar;E:\Maven\MAVENYILAIBAO\user\org\codehaus\plexus\plexus-interactivity-api\1.0-alpha-4\plexus-interactivity-api-1.0-alpha-4.jar;E:\Maven\MAVENYILAIBAO\user\org\apache\maven\wagon\wagon-ssh\1.0-beta-2\wagon-ssh-1.0-beta-2.jar;E:\Maven\MAVENYILAIBAO\user\com\jcraft\jsch\0.1.27\jsch-0.1.27.jar;E:\Maven\MAVENYILAIBAO\user\classworlds\classworlds\1.1\classworlds-1.1.jar;E:\Maven\MAVENYILAIBAO\user\org\apache\maven\maven-artifact\2.0.6\maven-artifact-2.0.6.jar;E:\Maven\MAVENYILAIBAO\user\org\apache\maven\maven-settings\2.0.6\maven-settings-2.0.6.jar;E:\Maven\MAVENYILAIBAO\user\org\apache\maven\maven-model\2.0.6\maven-model-2.0.6.jar;E:\Maven\MAVENYILAIBAO\user\org\apache\maven\maven-monitor\2.0.6\maven-monitor-2.0.6.jar;E:\Maven\MAVENYILAIBAO\user\org\codehaus\plexus\plexus-container-default\1.0-alpha-9-stable-1\plexus-container-default-1.0-alpha-9-stable-1.jar;E:\Maven\MAVENYILAIBAO\user\junit\junit\3.8.1\junit-3.8.1.jar;E:\Maven\MAVENYILAIBAO\user\org\codehaus\plexus\plexus-utils\2.0.5\plexus-utils-2.0.5.jar;E:\Maven\MAVENYILAIBAO\user\org\apache\maven\shared\maven-filtering\1.0\maven-filtering-1.0.jar;E:\Maven\MAVENYILAIBAO\user\org\sonatype\plexus\plexus-build-api\0.0.4\plexus-build-api-0.0.4.jar;E:\Maven\MAVENYILAIBAO\user\org\codehaus\plexus\plexus-interpolation\1.13\plexus-interpolation-1.13.jar;E:\Maven\MAVENYILAIBAO\user\net\sourceforge\jexcelapi\jxl\2.6.12\jxl-2.6.12.jar;"/>
    <property name="java.specification.name" value="Java Platform API Specification"/>
    <property name="java.class.version" value="52.0"/>
    <property name="sun.management.compiler" value="HotSpot 64-Bit Tiered Compilers"/>
    <property name="os.version" value="10.0"/>
    <property name="user.home" value="C:\Users\lenovo"/>
    <property name="user.timezone" value="Asia/Shanghai"/>
    <property name="java.awt.printerjob" value="sun.awt.windows.WPrinterJob"/>
    <property name="java.specification.version" value="1.8"/>
    <property name="file.encoding" value="GBK"/>
    <property name="user.name" value="lenovo"/>
    <property name="java.class.path" value="E:\DiscuzProgrem\target\test-classes;E:\DiscuzProgrem\target\classes;E:\Maven\MAVENYILAIBAO\user\org\seleniumhq\selenium\selenium-java\2.48.2\selenium-java-2.48.2.jar;E:\Maven\MAVENYILAIBAO\user\org\seleniumhq\selenium\selenium-chrome-driver\2.48.2\selenium-chrome-driver-2.48.2.jar;E:\Maven\MAVENYILAIBAO\user\org\seleniumhq\selenium\selenium-edge-driver\2.48.2\selenium-edge-driver-2.48.2.jar;E:\Maven\MAVENYILAIBAO\user\org\seleniumhq\selenium\selenium-htmlunit-driver\2.48.2\selenium-htmlunit-driver-2.48.2.jar;E:\Maven\MAVENYILAIBAO\user\net\sourceforge\htmlunit\htmlunit\2.18\htmlunit-2.18.jar;E:\Maven\MAVENYILAIBAO\user\xalan\xalan\2.7.2\xalan-2.7.2.jar;E:\Maven\MAVENYILAIBAO\user\xalan\serializer\2.7.2\serializer-2.7.2.jar;E:\Maven\MAVENYILAIBAO\user\commons-collections\commons-collections\3.2.1\commons-collections-3.2.1.jar;E:\Maven\MAVENYILAIBAO\user\org\apache\commons\commons-lang3\3.4\commons-lang3-3.4.jar;E:\Maven\MAVENYILAIBAO\user\org\apache\httpcomponents\httpmime\4.5\httpmime-4.5.jar;E:\Maven\MAVENYILAIBAO\user\commons-codec\commons-codec\1.10\commons-codec-1.10.jar;E:\Maven\MAVENYILAIBAO\user\net\sourceforge\htmlunit\htmlunit-core-js\2.17\htmlunit-core-js-2.17.jar;E:\Maven\MAVENYILAIBAO\user\xerces\xercesImpl\2.11.0\xercesImpl-2.11.0.jar;E:\Maven\MAVENYILAIBAO\user\net\sourceforge\nekohtml\nekohtml\1.9.22\nekohtml-1.9.22.jar;E:\Maven\MAVENYILAIBAO\user\net\sourceforge\cssparser\cssparser\0.9.16\cssparser-0.9.16.jar;E:\Maven\MAVENYILAIBAO\user\org\w3c\css\sac\1.3\sac-1.3.jar;E:\Maven\MAVENYILAIBAO\user\commons-logging\commons-logging\1.2\commons-logging-1.2.jar;E:\Maven\MAVENYILAIBAO\user\org\eclipse\jetty\websocket\websocket-client\9.2.12.v20150709\websocket-client-9.2.12.v20150709.jar;E:\Maven\MAVENYILAIBAO\user\org\eclipse\jetty\jetty-util\9.2.12.v20150709\jetty-util-9.2.12.v20150709.jar;E:\Maven\MAVENYILAIBAO\user\org\eclipse\jetty\jetty-io\9.2.12.v20150709\jetty-io-9.2.12.v20150709.jar;E:\Maven\MAVENYILAIBAO\user\org\eclipse\jetty\websocket\websocket-common\9.2.12.v20150709\websocket-common-9.2.12.v20150709.jar;E:\Maven\MAVENYILAIBAO\user\org\eclipse\jetty\websocket\websocket-api\9.2.12.v20150709\websocket-api-9.2.12.v20150709.jar;E:\Maven\MAVENYILAIBAO\user\org\apache\httpcomponents\httpclient\4.5.1\httpclient-4.5.1.jar;E:\Maven\MAVENYILAIBAO\user\org\apache\httpcomponents\httpcore\4.4.3\httpcore-4.4.3.jar;E:\Maven\MAVENYILAIBAO\user\org\seleniumhq\selenium\selenium-ie-driver\2.48.2\selenium-ie-driver-2.48.2.jar;E:\Maven\MAVENYILAIBAO\user\net\java\dev\jna\jna\4.1.0\jna-4.1.0.jar;E:\Maven\MAVENYILAIBAO\user\net\java\dev\jna\jna-platform\4.1.0\jna-platform-4.1.0.jar;E:\Maven\MAVENYILAIBAO\user\org\seleniumhq\selenium\selenium-safari-driver\2.48.2\selenium-safari-driver-2.48.2.jar;E:\Maven\MAVENYILAIBAO\user\org\seleniumhq\selenium\selenium-support\2.48.2\selenium-support-2.48.2.jar;E:\Maven\MAVENYILAIBAO\user\org\webbitserver\webbit\0.4.14\webbit-0.4.14.jar;E:\Maven\MAVENYILAIBAO\user\io\netty\netty\3.5.2.Final\netty-3.5.2.Final.jar;E:\Maven\MAVENYILAIBAO\user\org\seleniumhq\selenium\selenium-leg-rc\2.48.2\selenium-leg-rc-2.48.2.jar;E:\Maven\MAVENYILAIBAO\user\org\seleniumhq\selenium\selenium-firefox-driver\2.52.0\selenium-firefox-driver-2.52.0.jar;E:\Maven\MAVENYILAIBAO\user\org\seleniumhq\selenium\selenium-remote-driver\2.52.0\selenium-remote-driver-2.52.0.jar;E:\Maven\MAVENYILAIBAO\user\cglib\cglib-nodep\2.1_3\cglib-nodep-2.1_3.jar;E:\Maven\MAVENYILAIBAO\user\com\google\code\gson\gson\2.3.1\gson-2.3.1.jar;E:\Maven\MAVENYILAIBAO\user\org\seleniumhq\selenium\selenium-api\2.52.0\selenium-api-2.52.0.jar;E:\Maven\MAVENYILAIBAO\user\com\google\guava\guava\19.0\guava-19.0.jar;E:\Maven\MAVENYILAIBAO\user\commons-io\commons-io\2.4\commons-io-2.4.jar;E:\Maven\MAVENYILAIBAO\user\org\apache\commons\commons-exec\1.3\commons-exec-1.3.jar;E:\Maven\MAVENYILAIBAO\user\log4j\log4j\1.2.16\log4j-1.2.16.jar;E:\Maven\MAVENYILAIBAO\user\org\testng\testng\6.9.10\testng-6.9.10.jar;E:\Maven\MAVENYILAIBAO\user\com\beust\jcommander\1.48\jcommander-1.48.jar;E:\Maven\MAVENYILAIBAO\user\org\beanshell\bsh\2.0b4\bsh-2.0b4.jar;E:\Maven\MAVENYILAIBAO\user\org\apache\maven\plugins\maven-resources-plugin\2.5\maven-resources-plugin-2.5.jar;E:\Maven\MAVENYILAIBAO\user\org\apache\maven\maven-plugin-api\2.0.6\maven-plugin-api-2.0.6.jar;E:\Maven\MAVENYILAIBAO\user\org\apache\maven\maven-project\2.0.6\maven-project-2.0.6.jar;E:\Maven\MAVENYILAIBAO\user\org\apache\maven\maven-profile\2.0.6\maven-profile-2.0.6.jar;E:\Maven\MAVENYILAIBAO\user\org\apache\maven\maven-artifact-manager\2.0.6\maven-artifact-manager-2.0.6.jar;E:\Maven\MAVENYILAIBAO\user\org\apache\maven\maven-plugin-registry\2.0.6\maven-plugin-registry-2.0.6.jar;E:\Maven\MAVENYILAIBAO\user\org\apache\maven\maven-core\2.0.6\maven-core-2.0.6.jar;E:\Maven\MAVENYILAIBAO\user\org\apache\maven\wagon\wagon-file\1.0-beta-2\wagon-file-1.0-beta-2.jar;E:\Maven\MAVENYILAIBAO\user\org\apache\maven\maven-plugin-parameter-documenter\2.0.6\maven-plugin-parameter-documenter-2.0.6.jar;E:\Maven\MAVENYILAIBAO\user\org\apache\maven\wagon\wagon-http-lightweight\1.0-beta-2\wagon-http-lightweight-1.0-beta-2.jar;E:\Maven\MAVENYILAIBAO\user\org\apache\maven\wagon\wagon-http-shared\1.0-beta-2\wagon-http-shared-1.0-beta-2.jar;E:\Maven\MAVENYILAIBAO\user\jtidy\jtidy\4aug2000r7-dev\jtidy-4aug2000r7-dev.jar;E:\Maven\MAVENYILAIBAO\user\xml-apis\xml-apis\1.0.b2\xml-apis-1.0.b2.jar;E:\Maven\MAVENYILAIBAO\user\org\apache\maven\reporting\maven-reporting-api\2.0.6\maven-reporting-api-2.0.6.jar;E:\Maven\MAVENYILAIBAO\user\org\apache\maven\doxia\doxia-sink-api\1.0-alpha-7\doxia-sink-api-1.0-alpha-7.jar;E:\Maven\MAVENYILAIBAO\user\org\apache\maven\wagon\wagon-provider-api\1.0-beta-2\wagon-provider-api-1.0-beta-2.jar;E:\Maven\MAVENYILAIBAO\user\org\apache\maven\maven-repository-metadata\2.0.6\maven-repository-metadata-2.0.6.jar;E:\Maven\MAVENYILAIBAO\user\org\apache\maven\maven-error-diagnostics\2.0.6\maven-error-diagnostics-2.0.6.jar;E:\Maven\MAVENYILAIBAO\user\commons-cli\commons-cli\1.0\commons-cli-1.0.jar;E:\Maven\MAVENYILAIBAO\user\org\apache\maven\wagon\wagon-ssh-external\1.0-beta-2\wagon-ssh-external-1.0-beta-2.jar;E:\Maven\MAVENYILAIBAO\user\org\apache\maven\wagon\wagon-ssh-common\1.0-beta-2\wagon-ssh-common-1.0-beta-2.jar;E:\Maven\MAVENYILAIBAO\user\org\apache\maven\maven-plugin-descriptor\2.0.6\maven-plugin-descriptor-2.0.6.jar;E:\Maven\MAVENYILAIBAO\user\org\codehaus\plexus\plexus-interactivity-api\1.0-alpha-4\plexus-interactivity-api-1.0-alpha-4.jar;E:\Maven\MAVENYILAIBAO\user\org\apache\maven\wagon\wagon-ssh\1.0-beta-2\wagon-ssh-1.0-beta-2.jar;E:\Maven\MAVENYILAIBAO\user\com\jcraft\jsch\0.1.27\jsch-0.1.27.jar;E:\Maven\MAVENYILAIBAO\user\classworlds\classworlds\1.1\classworlds-1.1.jar;E:\Maven\MAVENYILAIBAO\user\org\apache\maven\maven-artifact\2.0.6\maven-artifact-2.0.6.jar;E:\Maven\MAVENYILAIBAO\user\org\apache\maven\maven-settings\2.0.6\maven-settings-2.0.6.jar;E:\Maven\MAVENYILAIBAO\user\org\apache\maven\maven-model\2.0.6\maven-model-2.0.6.jar;E:\Maven\MAVENYILAIBAO\user\org\apache\maven\maven-monitor\2.0.6\maven-monitor-2.0.6.jar;E:\Maven\MAVENYILAIBAO\user\org\codehaus\plexus\plexus-container-default\1.0-alpha-9-stable-1\plexus-container-default-1.0-alpha-9-stable-1.jar;E:\Maven\MAVENYILAIBAO\user\junit\junit\3.8.1\junit-3.8.1.jar;E:\Maven\MAVENYILAIBAO\user\org\codehaus\plexus\plexus-utils\2.0.5\plexus-utils-2.0.5.jar;E:\Maven\MAVENYILAIBAO\user\org\apache\maven\shared\maven-filtering\1.0\maven-filtering-1.0.jar;E:\Maven\MAVENYILAIBAO\user\org\sonatype\plexus\plexus-build-api\0.0.4\plexus-build-api-0.0.4.jar;E:\Maven\MAVENYILAIBAO\user\org\codehaus\plexus\plexus-interpolation\1.13\plexus-interpolation-1.13.jar;E:\Maven\MAVENYILAIBAO\user\net\sourceforge\jexcelapi\jxl\2.6.12\jxl-2.6.12.jar;"/>
    <property name="java.vm.specification.version" value="1.8"/>
    <property name="sun.arch.data.model" value="64"/>
    <property name="java.home" value="C:\Program Files\Java\jdk1.8.0_151\jre"/>
    <property name="sun.java.command" value="C:\Users\lenovo\AppData\Local\Temp\surefirebooter1296305618867324169.jar C:\Users\lenovo\AppData\Local\Temp\surefire5341807876889837583tmp C:\Users\lenovo\AppData\Local\Temp\surefire1976365103984433433tmp"/>
    <property name="java.specification.vendor" value="Oracle Corporation"/>
    <property name="user.language" value="zh"/>
    <property name="awt.toolkit" value="sun.awt.windows.WToolkit"/>
    <property name="java.vm.info" value="mixed mode"/>
    <property name="java.version" value="1.8.0_151"/>
    <property name="java.ext.dirs" value="C:\Program Files\Java\jdk1.8.0_151\jre\lib\ext;C:\WINDOWS\Sun\Java\lib\ext"/>
    <property name="sun.boot.class.path" value="C:\Program Files\Java\jdk1.8.0_151\jre\lib\resources.jar;C:\Program Files\Java\jdk1.8.0_151\jre\lib\rt.jar;C:\Program Files\Java\jdk1.8.0_151\jre\lib\sunrsasign.jar;C:\Program Files\Java\jdk1.8.0_151\jre\lib\jsse.jar;C:\Program Files\Java\jdk1.8.0_151\jre\lib\jce.jar;C:\Program Files\Java\jdk1.8.0_151\jre\lib\charsets.jar;C:\Program Files\Java\jdk1.8.0_151\jre\lib\jfr.jar;C:\Program Files\Java\jdk1.8.0_151\jre\classes"/>
    <property name="webdriver.chrome.driver" value="./tools/chromedriver.exe"/>
    <property name="java.vendor" value="Oracle Corporation"/>
    <property name="localRepository" value="E:\Maven\MAVENYILAIBAO\user"/>
    <property name="file.separator" value="\"/>
    <property name="java.vendor.url.bug" value="http://bugreport.sun.com/bugreport/"/>
    <property name="sun.cpu.endian" value="little"/>
    <property name="sun.io.unicode.encoding" value="UnicodeLittle"/>
    <property name="sun.desktop" value="windows"/>
    <property name="sun.cpu.isalist" value="amd64"/>
  </properties>
  <testcase classname="testcase.TestClass1" name="Login" time="16.924"/>
  <testcase classname="testcase.TestClass2" name="userAction" time="75.545">
    <failure message="超时!! 15 秒之后还没找到元素 :[By.xpath: //*[@id=&quot;fastpostmessage&quot;]]" type="java.lang.AssertionError">java.lang.AssertionError: 超时!! 15 秒之后还没找到元素 :[By.xpath: //*[@id=&quot;fastpostmessage&quot;]]
	at org.testng.Assert.fail(Assert.java:94)
	at util.SeleniumUtil.waitForElementLoad(SeleniumUtil.java:210)
	at pagehelper.HelperRepliesPage.inputContents(HelperRepliesPage.java:30)
	at testcase.TestClass2.userAction(TestClass2.java:62)
</failure>
  </testcase>
  <testcase classname="testcase.TestClass3" name="userSearch" time="12.176"/>
  <testcase classname="testcase.TestVote" name="vote" time="19.226"/>
</testsuite>