<?xml version="1.0" encoding="UTF-8"?>
<!-- Generated by org.testng.reporters.JUnitReportReporter -->
<testsuite hostname="LAPTOP-G48MEG8M" name="testcase.TestClass1" tests="1" failures="0" timestamp="10 May 2018 09:36:24 GMT" time="30.183" errors="0">
  <testcase name="Login" time="30.183" classname="testcase.TestClass1"/>
</testsuite> <!-- testcase.TestClass1 -->
