<?xml version="1.0" encoding="UTF-8"?>
<!-- Generated by org.testng.reporters.JUnitReportReporter -->
<testsuite hostname="LAPTOP-G48MEG8M" name="testcase.TestClass2" tests="1" failures="0" timestamp="10 May 2018 09:36:24 GMT" time="78.200" errors="0">
  <testcase name="userAction" time="78.200" classname="testcase.TestClass2"/>
</testsuite> <!-- testcase.TestClass2 -->
