<?xml version="1.0" encoding="UTF-8"?>
<!-- Generated by org.testng.reporters.JUnitReportReporter -->
<testsuite hostname="LAPTOP-G48MEG8M" name="Test.Test002" tests="1" failures="0" timestamp="31 May 2018 03:48:37 GMT" time="0.001" errors="0">
  <testcase name="send" time="0.001" classname="Test.Test002"/>
</testsuite> <!-- Test.Test002 -->
