<?xml version="1.0" encoding="UTF-8"?>
<!-- Generated by org.testng.reporters.JUnitReportReporter -->
<testsuite hostname="LAPTOP-G48MEG8M" name="Test.Test001" tests="1" failures="0" timestamp="31 May 2018 03:48:37 GMT" time="0.008" errors="0">
  <testcase name="clear" time="0.008" classname="Test.Test001"/>
</testsuite> <!-- Test.Test001 -->
