<?xml version="1.0" encoding="UTF-8"?>
<!-- Generated by org.testng.reporters.JUnitReportReporter -->
<testsuite hostname="LAPTOP-G48MEG8M" name="com.haotest.MavenTest.Test002" tests="1" failures="0" timestamp="31 May 2018 06:11:44 GMT" time="0.009" errors="0">
  <testcase name="send" time="0.009" classname="com.haotest.MavenTest.Test002"/>
</testsuite> <!-- com.haotest.MavenTest.Test002 -->
