<?xml version="1.0" encoding="UTF-8"?>
<!-- Generated by org.testng.reporters.JUnitReportReporter -->
<testsuite hostname="LAPTOP-G48MEG8M" name="com.haotest.MavenTest.Test001" tests="1" failures="0" timestamp="31 May 2018 06:11:44 GMT" time="0.003" errors="0">
  <testcase name="clear" time="0.003" classname="com.haotest.MavenTest.Test001"/>
</testsuite> <!-- com.haotest.MavenTest.Test001 -->
