<?xml version="1.0" encoding="UTF-8" ?>
<testsuite tests="4" failures="2" name="TestSuite" time="161.589" errors="0" skipped="0">
  <properties>
    <property name="java.runtime.name" value="Java(TM) SE Runtime Environment"/>
    <property name="sun.boot.library.path" value="C:\Program Files\Java\jdk1.8.0_151\jre\bin"/>
    <property name="java.vm.version" value="25.151-b12"/>
    <property name="java.vm.vendor" value="Oracle Corporation"/>
    <property name="java.vendor.url" value="http://java.oracle.com/"/>
    <property name="path.separator" value=";"/>
    <property name="java.vm.name" value="Java HotSpot(TM) 64-Bit Server VM"/>
    <property name="file.encoding.pkg" value="sun.io"/>
    <property name="user.script" value=""/>
    <property name="user.country" value="CN"/>
    <property name="sun.java.launcher" value="SUN_STANDARD"/>
    <property name="sun.os.patch.level" value=""/>
    <property name="java.vm.specification.name" value="Java Virtual Machine Specification"/>
    <property name="user.dir" value="E:\DiscuzProgrem"/>
    <property name="java.runtime.version" value="1.8.0_151-b12"/>
    <property name="java.awt.graphicsenv" value="sun.awt.Win32GraphicsEnvironment"/>
    <property name="basedir" value="E:\DiscuzProgrem"/>
    <property name="java.endorsed.dirs" value="C:\Program Files\Java\jdk1.8.0_151\jre\lib\endorsed"/>
    <property name="os.arch" value="amd64"/>
    <property name="surefire.real.class.path" value="C:\Users\lenovo\AppData\Local\Temp\surefirebooter4090420693298152969.jar"/>
    <property name="java.io.tmpdir" value="C:\Users\lenovo\AppData\Local\Temp\"/>
    <property name="line.separator" value="
"/>
    <property name="java.vm.specification.vendor" value="Oracle Corporation"/>
    <property name="user.variant" value=""/>
    <property name="os.name" value="Windows 10"/>
    <property name="sun.jnu.encoding" value="GBK"/>
    <property name="java.library.path" value="C:\Program Files\Java\jdk1.8.0_151\jre\bin;C:\WINDOWS\Sun\Java\bin;C:\WINDOWS\system32;C:\WINDOWS;E:\Maven\maven-3.0.5\bin;C:\Program Files (x86)\Common Files\NetSarang;C:\ProgramData\Oracle\Java\javapath;C:\Program Files (x86)\Intel\iCLS Client\;C:\Program Files\Intel\iCLS Client\;C:\Windows\system32;C:\Windows;C:\Windows\System32\Wbem;C:\Windows\System32\WindowsPowerShell\v1.0\;C:\Program Files (x86)\NVIDIA Corporation\PhysX\Common;C:\Program Files (x86)\Intel\Intel(R) Management Engine Components\DAL;C:\Program Files\Intel\Intel(R) Management Engine Components\DAL;C:\Program Files (x86)\Intel\Intel(R) Management Engine Components\IPT;C:\Program Files\Intel\Intel(R) Management Engine Components\IPT;C:\Program Files\Java\jdk1.8.0_151\bin;C:\WINDOWS\system32;C:\WINDOWS;C:\WINDOWS\System32\Wbem;C:\WINDOWS\System32\WindowsPowerShell\v1.0\;C:\Program Files\MySQL\MySQL Utilities 1.6\;C:\Program Files (x86)\HP\NV\lib\thirdparty\safenet\LDK\7.0;C:\Program Files (x86)\HP\NV\lib\shunra\snv;C:\Program Files (x86)\HP\LoadRunner\strawberry-perl\perl\bin;E:\工具\Git\cmd;C:\Users\lenovo\AppData\Local\Microsoft\WindowsApps;;D:\安装包\Fiddler;."/>
    <property name="surefire.test.class.path" value="E:\DiscuzProgrem\target\test-classes;E:\DiscuzProgrem\target\classes;E:\Maven\MAVENYILAIBAO\userlib\org\seleniumhq\selenium\selenium-java\2.48.2\selenium-java-2.48.2.jar;E:\Maven\MAVENYILAIBAO\userlib\org\seleniumhq\selenium\selenium-chrome-driver\2.48.2\selenium-chrome-driver-2.48.2.jar;E:\Maven\MAVENYILAIBAO\userlib\org\seleniumhq\selenium\selenium-edge-driver\2.48.2\selenium-edge-driver-2.48.2.jar;E:\Maven\MAVENYILAIBAO\userlib\commons-io\commons-io\2.4\commons-io-2.4.jar;E:\Maven\MAVENYILAIBAO\userlib\org\apache\commons\commons-exec\1.3\commons-exec-1.3.jar;E:\Maven\MAVENYILAIBAO\userlib\org\seleniumhq\selenium\selenium-htmlunit-driver\2.48.2\selenium-htmlunit-driver-2.48.2.jar;E:\Maven\MAVENYILAIBAO\userlib\net\sourceforge\htmlunit\htmlunit\2.18\htmlunit-2.18.jar;E:\Maven\MAVENYILAIBAO\userlib\xalan\xalan\2.7.2\xalan-2.7.2.jar;E:\Maven\MAVENYILAIBAO\userlib\xalan\serializer\2.7.2\serializer-2.7.2.jar;E:\Maven\MAVENYILAIBAO\userlib\commons-collections\commons-collections\3.2.1\commons-collections-3.2.1.jar;E:\Maven\MAVENYILAIBAO\userlib\org\apache\commons\commons-lang3\3.4\commons-lang3-3.4.jar;E:\Maven\MAVENYILAIBAO\userlib\commons-codec\commons-codec\1.10\commons-codec-1.10.jar;E:\Maven\MAVENYILAIBAO\userlib\net\sourceforge\htmlunit\htmlunit-core-js\2.17\htmlunit-core-js-2.17.jar;E:\Maven\MAVENYILAIBAO\userlib\xerces\xercesImpl\2.11.0\xercesImpl-2.11.0.jar;E:\Maven\MAVENYILAIBAO\userlib\net\sourceforge\nekohtml\nekohtml\1.9.22\nekohtml-1.9.22.jar;E:\Maven\MAVENYILAIBAO\userlib\net\sourceforge\cssparser\cssparser\0.9.16\cssparser-0.9.16.jar;E:\Maven\MAVENYILAIBAO\userlib\org\w3c\css\sac\1.3\sac-1.3.jar;E:\Maven\MAVENYILAIBAO\userlib\commons-logging\commons-logging\1.2\commons-logging-1.2.jar;E:\Maven\MAVENYILAIBAO\userlib\org\eclipse\jetty\websocket\websocket-client\9.2.12.v20150709\websocket-client-9.2.12.v20150709.jar;E:\Maven\MAVENYILAIBAO\userlib\org\eclipse\jetty\jetty-util\9.2.12.v20150709\jetty-util-9.2.12.v20150709.jar;E:\Maven\MAVENYILAIBAO\userlib\org\eclipse\jetty\jetty-io\9.2.12.v20150709\jetty-io-9.2.12.v20150709.jar;E:\Maven\MAVENYILAIBAO\userlib\org\eclipse\jetty\websocket\websocket-common\9.2.12.v20150709\websocket-common-9.2.12.v20150709.jar;E:\Maven\MAVENYILAIBAO\userlib\org\eclipse\jetty\websocket\websocket-api\9.2.12.v20150709\websocket-api-9.2.12.v20150709.jar;E:\Maven\MAVENYILAIBAO\userlib\org\apache\httpcomponents\httpclient\4.5.1\httpclient-4.5.1.jar;E:\Maven\MAVENYILAIBAO\userlib\org\apache\httpcomponents\httpcore\4.4.3\httpcore-4.4.3.jar;E:\Maven\MAVENYILAIBAO\userlib\org\seleniumhq\selenium\selenium-ie-driver\2.48.2\selenium-ie-driver-2.48.2.jar;E:\Maven\MAVENYILAIBAO\userlib\net\java\dev\jna\jna\4.1.0\jna-4.1.0.jar;E:\Maven\MAVENYILAIBAO\userlib\net\java\dev\jna\jna-platform\4.1.0\jna-platform-4.1.0.jar;E:\Maven\MAVENYILAIBAO\userlib\org\seleniumhq\selenium\selenium-safari-driver\2.48.2\selenium-safari-driver-2.48.2.jar;E:\Maven\MAVENYILAIBAO\userlib\org\seleniumhq\selenium\selenium-support\2.48.2\selenium-support-2.48.2.jar;E:\Maven\MAVENYILAIBAO\userlib\org\webbitserver\webbit\0.4.14\webbit-0.4.14.jar;E:\Maven\MAVENYILAIBAO\userlib\io\netty\netty\3.5.2.Final\netty-3.5.2.Final.jar;E:\Maven\MAVENYILAIBAO\userlib\org\seleniumhq\selenium\selenium-leg-rc\2.48.2\selenium-leg-rc-2.48.2.jar;E:\Maven\MAVENYILAIBAO\userlib\org\seleniumhq\selenium\selenium-firefox-driver\3.0.1\selenium-firefox-driver-3.0.1.jar;E:\Maven\MAVENYILAIBAO\userlib\org\seleniumhq\selenium\selenium-remote-driver\3.0.1\selenium-remote-driver-3.0.1.jar;E:\Maven\MAVENYILAIBAO\userlib\org\seleniumhq\selenium\selenium-api\3.0.1\selenium-api-3.0.1.jar;E:\Maven\MAVENYILAIBAO\userlib\cglib\cglib-nodep\3.2.4\cglib-nodep-3.2.4.jar;E:\Maven\MAVENYILAIBAO\userlib\com\google\code\gson\gson\2.3.1\gson-2.3.1.jar;E:\Maven\MAVENYILAIBAO\userlib\com\google\guava\guava\19.0\guava-19.0.jar;E:\Maven\MAVENYILAIBAO\userlib\org\apache\httpcomponents\httpmime\4.5.2\httpmime-4.5.2.jar;E:\Maven\MAVENYILAIBAO\userlib\log4j\log4j\1.2.16\log4j-1.2.16.jar;E:\Maven\MAVENYILAIBAO\userlib\org\testng\testng\6.9.10\testng-6.9.10.jar;E:\Maven\MAVENYILAIBAO\userlib\com\beust\jcommander\1.48\jcommander-1.48.jar;E:\Maven\MAVENYILAIBAO\userlib\org\beanshell\bsh\2.0b4\bsh-2.0b4.jar;E:\Maven\MAVENYILAIBAO\userlib\org\apache\maven\plugins\maven-resources-plugin\2.5\maven-resources-plugin-2.5.jar;E:\Maven\MAVENYILAIBAO\userlib\org\apache\maven\maven-plugin-api\2.0.6\maven-plugin-api-2.0.6.jar;E:\Maven\MAVENYILAIBAO\userlib\org\apache\maven\maven-project\2.0.6\maven-project-2.0.6.jar;E:\Maven\MAVENYILAIBAO\userlib\org\apache\maven\maven-profile\2.0.6\maven-profile-2.0.6.jar;E:\Maven\MAVENYILAIBAO\userlib\org\apache\maven\maven-artifact-manager\2.0.6\maven-artifact-manager-2.0.6.jar;E:\Maven\MAVENYILAIBAO\userlib\org\apache\maven\maven-plugin-registry\2.0.6\maven-plugin-registry-2.0.6.jar;E:\Maven\MAVENYILAIBAO\userlib\org\apache\maven\maven-core\2.0.6\maven-core-2.0.6.jar;E:\Maven\MAVENYILAIBAO\userlib\org\apache\maven\wagon\wagon-file\1.0-beta-2\wagon-file-1.0-beta-2.jar;E:\Maven\MAVENYILAIBAO\userlib\org\apache\maven\maven-plugin-parameter-documenter\2.0.6\maven-plugin-parameter-documenter-2.0.6.jar;E:\Maven\MAVENYILAIBAO\userlib\org\apache\maven\wagon\wagon-http-lightweight\1.0-beta-2\wagon-http-lightweight-1.0-beta-2.jar;E:\Maven\MAVENYILAIBAO\userlib\org\apache\maven\wagon\wagon-http-shared\1.0-beta-2\wagon-http-shared-1.0-beta-2.jar;E:\Maven\MAVENYILAIBAO\userlib\jtidy\jtidy\4aug2000r7-dev\jtidy-4aug2000r7-dev.jar;E:\Maven\MAVENYILAIBAO\userlib\xml-apis\xml-apis\1.0.b2\xml-apis-1.0.b2.jar;E:\Maven\MAVENYILAIBAO\userlib\org\apache\maven\reporting\maven-reporting-api\2.0.6\maven-reporting-api-2.0.6.jar;E:\Maven\MAVENYILAIBAO\userlib\org\apache\maven\doxia\doxia-sink-api\1.0-alpha-7\doxia-sink-api-1.0-alpha-7.jar;E:\Maven\MAVENYILAIBAO\userlib\org\apache\maven\wagon\wagon-provider-api\1.0-beta-2\wagon-provider-api-1.0-beta-2.jar;E:\Maven\MAVENYILAIBAO\userlib\org\apache\maven\maven-repository-metadata\2.0.6\maven-repository-metadata-2.0.6.jar;E:\Maven\MAVENYILAIBAO\userlib\org\apache\maven\maven-error-diagnostics\2.0.6\maven-error-diagnostics-2.0.6.jar;E:\Maven\MAVENYILAIBAO\userlib\commons-cli\commons-cli\1.0\commons-cli-1.0.jar;E:\Maven\MAVENYILAIBAO\userlib\org\apache\maven\wagon\wagon-ssh-external\1.0-beta-2\wagon-ssh-external-1.0-beta-2.jar;E:\Maven\MAVENYILAIBAO\userlib\org\apache\maven\wagon\wagon-ssh-common\1.0-beta-2\wagon-ssh-common-1.0-beta-2.jar;E:\Maven\MAVENYILAIBAO\userlib\org\apache\maven\maven-plugin-descriptor\2.0.6\maven-plugin-descriptor-2.0.6.jar;E:\Maven\MAVENYILAIBAO\userlib\org\codehaus\plexus\plexus-interactivity-api\1.0-alpha-4\plexus-interactivity-api-1.0-alpha-4.jar;E:\Maven\MAVENYILAIBAO\userlib\org\apache\maven\wagon\wagon-ssh\1.0-beta-2\wagon-ssh-1.0-beta-2.jar;E:\Maven\MAVENYILAIBAO\userlib\com\jcraft\jsch\0.1.27\jsch-0.1.27.jar;E:\Maven\MAVENYILAIBAO\userlib\classworlds\classworlds\1.1\classworlds-1.1.jar;E:\Maven\MAVENYILAIBAO\userlib\org\apache\maven\maven-artifact\2.0.6\maven-artifact-2.0.6.jar;E:\Maven\MAVENYILAIBAO\userlib\org\apache\maven\maven-settings\2.0.6\maven-settings-2.0.6.jar;E:\Maven\MAVENYILAIBAO\userlib\org\apache\maven\maven-model\2.0.6\maven-model-2.0.6.jar;E:\Maven\MAVENYILAIBAO\userlib\org\apache\maven\maven-monitor\2.0.6\maven-monitor-2.0.6.jar;E:\Maven\MAVENYILAIBAO\userlib\org\codehaus\plexus\plexus-container-default\1.0-alpha-9-stable-1\plexus-container-default-1.0-alpha-9-stable-1.jar;E:\Maven\MAVENYILAIBAO\userlib\junit\junit\3.8.1\junit-3.8.1.jar;E:\Maven\MAVENYILAIBAO\userlib\org\codehaus\plexus\plexus-utils\2.0.5\plexus-utils-2.0.5.jar;E:\Maven\MAVENYILAIBAO\userlib\org\apache\maven\shared\maven-filtering\1.0\maven-filtering-1.0.jar;E:\Maven\MAVENYILAIBAO\userlib\org\sonatype\plexus\plexus-build-api\0.0.4\plexus-build-api-0.0.4.jar;E:\Maven\MAVENYILAIBAO\userlib\org\codehaus\plexus\plexus-interpolation\1.13\plexus-interpolation-1.13.jar;E:\Maven\MAVENYILAIBAO\userlib\net\sourceforge\jexcelapi\jxl\2.6.12\jxl-2.6.12.jar;"/>
    <property name="java.specification.name" value="Java Platform API Specification"/>
    <property name="java.class.version" value="52.0"/>
    <property name="sun.management.compiler" value="HotSpot 64-Bit Tiered Compilers"/>
    <property name="os.version" value="10.0"/>
    <property name="user.home" value="C:\Users\lenovo"/>
    <property name="user.timezone" value="Asia/Shanghai"/>
    <property name="java.awt.printerjob" value="sun.awt.windows.WPrinterJob"/>
    <property name="java.specification.version" value="1.8"/>
    <property name="file.encoding" value="GBK"/>
    <property name="user.name" value="lenovo"/>
    <property name="java.class.path" value="E:\DiscuzProgrem\target\test-classes;E:\DiscuzProgrem\target\classes;E:\Maven\MAVENYILAIBAO\userlib\org\seleniumhq\selenium\selenium-java\2.48.2\selenium-java-2.48.2.jar;E:\Maven\MAVENYILAIBAO\userlib\org\seleniumhq\selenium\selenium-chrome-driver\2.48.2\selenium-chrome-driver-2.48.2.jar;E:\Maven\MAVENYILAIBAO\userlib\org\seleniumhq\selenium\selenium-edge-driver\2.48.2\selenium-edge-driver-2.48.2.jar;E:\Maven\MAVENYILAIBAO\userlib\commons-io\commons-io\2.4\commons-io-2.4.jar;E:\Maven\MAVENYILAIBAO\userlib\org\apache\commons\commons-exec\1.3\commons-exec-1.3.jar;E:\Maven\MAVENYILAIBAO\userlib\org\seleniumhq\selenium\selenium-htmlunit-driver\2.48.2\selenium-htmlunit-driver-2.48.2.jar;E:\Maven\MAVENYILAIBAO\userlib\net\sourceforge\htmlunit\htmlunit\2.18\htmlunit-2.18.jar;E:\Maven\MAVENYILAIBAO\userlib\xalan\xalan\2.7.2\xalan-2.7.2.jar;E:\Maven\MAVENYILAIBAO\userlib\xalan\serializer\2.7.2\serializer-2.7.2.jar;E:\Maven\MAVENYILAIBAO\userlib\commons-collections\commons-collections\3.2.1\commons-collections-3.2.1.jar;E:\Maven\MAVENYILAIBAO\userlib\org\apache\commons\commons-lang3\3.4\commons-lang3-3.4.jar;E:\Maven\MAVENYILAIBAO\userlib\commons-codec\commons-codec\1.10\commons-codec-1.10.jar;E:\Maven\MAVENYILAIBAO\userlib\net\sourceforge\htmlunit\htmlunit-core-js\2.17\htmlunit-core-js-2.17.jar;E:\Maven\MAVENYILAIBAO\userlib\xerces\xercesImpl\2.11.0\xercesImpl-2.11.0.jar;E:\Maven\MAVENYILAIBAO\userlib\net\sourceforge\nekohtml\nekohtml\1.9.22\nekohtml-1.9.22.jar;E:\Maven\MAVENYILAIBAO\userlib\net\sourceforge\cssparser\cssparser\0.9.16\cssparser-0.9.16.jar;E:\Maven\MAVENYILAIBAO\userlib\org\w3c\css\sac\1.3\sac-1.3.jar;E:\Maven\MAVENYILAIBAO\userlib\commons-logging\commons-logging\1.2\commons-logging-1.2.jar;E:\Maven\MAVENYILAIBAO\userlib\org\eclipse\jetty\websocket\websocket-client\9.2.12.v20150709\websocket-client-9.2.12.v20150709.jar;E:\Maven\MAVENYILAIBAO\userlib\org\eclipse\jetty\jetty-util\9.2.12.v20150709\jetty-util-9.2.12.v20150709.jar;E:\Maven\MAVENYILAIBAO\userlib\org\eclipse\jetty\jetty-io\9.2.12.v20150709\jetty-io-9.2.12.v20150709.jar;E:\Maven\MAVENYILAIBAO\userlib\org\eclipse\jetty\websocket\websocket-common\9.2.12.v20150709\websocket-common-9.2.12.v20150709.jar;E:\Maven\MAVENYILAIBAO\userlib\org\eclipse\jetty\websocket\websocket-api\9.2.12.v20150709\websocket-api-9.2.12.v20150709.jar;E:\Maven\MAVENYILAIBAO\userlib\org\apache\httpcomponents\httpclient\4.5.1\httpclient-4.5.1.jar;E:\Maven\MAVENYILAIBAO\userlib\org\apache\httpcomponents\httpcore\4.4.3\httpcore-4.4.3.jar;E:\Maven\MAVENYILAIBAO\userlib\org\seleniumhq\selenium\selenium-ie-driver\2.48.2\selenium-ie-driver-2.48.2.jar;E:\Maven\MAVENYILAIBAO\userlib\net\java\dev\jna\jna\4.1.0\jna-4.1.0.jar;E:\Maven\MAVENYILAIBAO\userlib\net\java\dev\jna\jna-platform\4.1.0\jna-platform-4.1.0.jar;E:\Maven\MAVENYILAIBAO\userlib\org\seleniumhq\selenium\selenium-safari-driver\2.48.2\selenium-safari-driver-2.48.2.jar;E:\Maven\MAVENYILAIBAO\userlib\org\seleniumhq\selenium\selenium-support\2.48.2\selenium-support-2.48.2.jar;E:\Maven\MAVENYILAIBAO\userlib\org\webbitserver\webbit\0.4.14\webbit-0.4.14.jar;E:\Maven\MAVENYILAIBAO\userlib\io\netty\netty\3.5.2.Final\netty-3.5.2.Final.jar;E:\Maven\MAVENYILAIBAO\userlib\org\seleniumhq\selenium\selenium-leg-rc\2.48.2\selenium-leg-rc-2.48.2.jar;E:\Maven\MAVENYILAIBAO\userlib\org\seleniumhq\selenium\selenium-firefox-driver\3.0.1\selenium-firefox-driver-3.0.1.jar;E:\Maven\MAVENYILAIBAO\userlib\org\seleniumhq\selenium\selenium-remote-driver\3.0.1\selenium-remote-driver-3.0.1.jar;E:\Maven\MAVENYILAIBAO\userlib\org\seleniumhq\selenium\selenium-api\3.0.1\selenium-api-3.0.1.jar;E:\Maven\MAVENYILAIBAO\userlib\cglib\cglib-nodep\3.2.4\cglib-nodep-3.2.4.jar;E:\Maven\MAVENYILAIBAO\userlib\com\google\code\gson\gson\2.3.1\gson-2.3.1.jar;E:\Maven\MAVENYILAIBAO\userlib\com\google\guava\guava\19.0\guava-19.0.jar;E:\Maven\MAVENYILAIBAO\userlib\org\apache\httpcomponents\httpmime\4.5.2\httpmime-4.5.2.jar;E:\Maven\MAVENYILAIBAO\userlib\log4j\log4j\1.2.16\log4j-1.2.16.jar;E:\Maven\MAVENYILAIBAO\userlib\org\testng\testng\6.9.10\testng-6.9.10.jar;E:\Maven\MAVENYILAIBAO\userlib\com\beust\jcommander\1.48\jcommander-1.48.jar;E:\Maven\MAVENYILAIBAO\userlib\org\beanshell\bsh\2.0b4\bsh-2.0b4.jar;E:\Maven\MAVENYILAIBAO\userlib\org\apache\maven\plugins\maven-resources-plugin\2.5\maven-resources-plugin-2.5.jar;E:\Maven\MAVENYILAIBAO\userlib\org\apache\maven\maven-plugin-api\2.0.6\maven-plugin-api-2.0.6.jar;E:\Maven\MAVENYILAIBAO\userlib\org\apache\maven\maven-project\2.0.6\maven-project-2.0.6.jar;E:\Maven\MAVENYILAIBAO\userlib\org\apache\maven\maven-profile\2.0.6\maven-profile-2.0.6.jar;E:\Maven\MAVENYILAIBAO\userlib\org\apache\maven\maven-artifact-manager\2.0.6\maven-artifact-manager-2.0.6.jar;E:\Maven\MAVENYILAIBAO\userlib\org\apache\maven\maven-plugin-registry\2.0.6\maven-plugin-registry-2.0.6.jar;E:\Maven\MAVENYILAIBAO\userlib\org\apache\maven\maven-core\2.0.6\maven-core-2.0.6.jar;E:\Maven\MAVENYILAIBAO\userlib\org\apache\maven\wagon\wagon-file\1.0-beta-2\wagon-file-1.0-beta-2.jar;E:\Maven\MAVENYILAIBAO\userlib\org\apache\maven\maven-plugin-parameter-documenter\2.0.6\maven-plugin-parameter-documenter-2.0.6.jar;E:\Maven\MAVENYILAIBAO\userlib\org\apache\maven\wagon\wagon-http-lightweight\1.0-beta-2\wagon-http-lightweight-1.0-beta-2.jar;E:\Maven\MAVENYILAIBAO\userlib\org\apache\maven\wagon\wagon-http-shared\1.0-beta-2\wagon-http-shared-1.0-beta-2.jar;E:\Maven\MAVENYILAIBAO\userlib\jtidy\jtidy\4aug2000r7-dev\jtidy-4aug2000r7-dev.jar;E:\Maven\MAVENYILAIBAO\userlib\xml-apis\xml-apis\1.0.b2\xml-apis-1.0.b2.jar;E:\Maven\MAVENYILAIBAO\userlib\org\apache\maven\reporting\maven-reporting-api\2.0.6\maven-reporting-api-2.0.6.jar;E:\Maven\MAVENYILAIBAO\userlib\org\apache\maven\doxia\doxia-sink-api\1.0-alpha-7\doxia-sink-api-1.0-alpha-7.jar;E:\Maven\MAVENYILAIBAO\userlib\org\apache\maven\wagon\wagon-provider-api\1.0-beta-2\wagon-provider-api-1.0-beta-2.jar;E:\Maven\MAVENYILAIBAO\userlib\org\apache\maven\maven-repository-metadata\2.0.6\maven-repository-metadata-2.0.6.jar;E:\Maven\MAVENYILAIBAO\userlib\org\apache\maven\maven-error-diagnostics\2.0.6\maven-error-diagnostics-2.0.6.jar;E:\Maven\MAVENYILAIBAO\userlib\commons-cli\commons-cli\1.0\commons-cli-1.0.jar;E:\Maven\MAVENYILAIBAO\userlib\org\apache\maven\wagon\wagon-ssh-external\1.0-beta-2\wagon-ssh-external-1.0-beta-2.jar;E:\Maven\MAVENYILAIBAO\userlib\org\apache\maven\wagon\wagon-ssh-common\1.0-beta-2\wagon-ssh-common-1.0-beta-2.jar;E:\Maven\MAVENYILAIBAO\userlib\org\apache\maven\maven-plugin-descriptor\2.0.6\maven-plugin-descriptor-2.0.6.jar;E:\Maven\MAVENYILAIBAO\userlib\org\codehaus\plexus\plexus-interactivity-api\1.0-alpha-4\plexus-interactivity-api-1.0-alpha-4.jar;E:\Maven\MAVENYILAIBAO\userlib\org\apache\maven\wagon\wagon-ssh\1.0-beta-2\wagon-ssh-1.0-beta-2.jar;E:\Maven\MAVENYILAIBAO\userlib\com\jcraft\jsch\0.1.27\jsch-0.1.27.jar;E:\Maven\MAVENYILAIBAO\userlib\classworlds\classworlds\1.1\classworlds-1.1.jar;E:\Maven\MAVENYILAIBAO\userlib\org\apache\maven\maven-artifact\2.0.6\maven-artifact-2.0.6.jar;E:\Maven\MAVENYILAIBAO\userlib\org\apache\maven\maven-settings\2.0.6\maven-settings-2.0.6.jar;E:\Maven\MAVENYILAIBAO\userlib\org\apache\maven\maven-model\2.0.6\maven-model-2.0.6.jar;E:\Maven\MAVENYILAIBAO\userlib\org\apache\maven\maven-monitor\2.0.6\maven-monitor-2.0.6.jar;E:\Maven\MAVENYILAIBAO\userlib\org\codehaus\plexus\plexus-container-default\1.0-alpha-9-stable-1\plexus-container-default-1.0-alpha-9-stable-1.jar;E:\Maven\MAVENYILAIBAO\userlib\junit\junit\3.8.1\junit-3.8.1.jar;E:\Maven\MAVENYILAIBAO\userlib\org\codehaus\plexus\plexus-utils\2.0.5\plexus-utils-2.0.5.jar;E:\Maven\MAVENYILAIBAO\userlib\org\apache\maven\shared\maven-filtering\1.0\maven-filtering-1.0.jar;E:\Maven\MAVENYILAIBAO\userlib\org\sonatype\plexus\plexus-build-api\0.0.4\plexus-build-api-0.0.4.jar;E:\Maven\MAVENYILAIBAO\userlib\org\codehaus\plexus\plexus-interpolation\1.13\plexus-interpolation-1.13.jar;E:\Maven\MAVENYILAIBAO\userlib\net\sourceforge\jexcelapi\jxl\2.6.12\jxl-2.6.12.jar;"/>
    <property name="java.vm.specification.version" value="1.8"/>
    <property name="sun.arch.data.model" value="64"/>
    <property name="java.home" value="C:\Program Files\Java\jdk1.8.0_151\jre"/>
    <property name="sun.java.command" value="C:\Users\lenovo\AppData\Local\Temp\surefirebooter4090420693298152969.jar C:\Users\lenovo\AppData\Local\Temp\surefire7694602394912133690tmp C:\Users\lenovo\AppData\Local\Temp\surefire6818026741767339901tmp"/>
    <property name="java.specification.vendor" value="Oracle Corporation"/>
    <property name="user.language" value="zh"/>
    <property name="awt.toolkit" value="sun.awt.windows.WToolkit"/>
    <property name="java.vm.info" value="mixed mode"/>
    <property name="java.version" value="1.8.0_151"/>
    <property name="java.ext.dirs" value="C:\Program Files\Java\jdk1.8.0_151\jre\lib\ext;C:\WINDOWS\Sun\Java\lib\ext"/>
    <property name="sun.boot.class.path" value="C:\Program Files\Java\jdk1.8.0_151\jre\lib\resources.jar;C:\Program Files\Java\jdk1.8.0_151\jre\lib\rt.jar;C:\Program Files\Java\jdk1.8.0_151\jre\lib\sunrsasign.jar;C:\Program Files\Java\jdk1.8.0_151\jre\lib\jsse.jar;C:\Program Files\Java\jdk1.8.0_151\jre\lib\jce.jar;C:\Program Files\Java\jdk1.8.0_151\jre\lib\charsets.jar;C:\Program Files\Java\jdk1.8.0_151\jre\lib\jfr.jar;C:\Program Files\Java\jdk1.8.0_151\jre\classes"/>
    <property name="webdriver.chrome.driver" value="./chromedriver.exe"/>
    <property name="java.vendor" value="Oracle Corporation"/>
    <property name="localRepository" value="E:\Maven\MAVENYILAIBAO\userlib"/>
    <property name="file.separator" value="\"/>
    <property name="java.vendor.url.bug" value="http://bugreport.sun.com/bugreport/"/>
    <property name="sun.cpu.endian" value="little"/>
    <property name="sun.io.unicode.encoding" value="UnicodeLittle"/>
    <property name="sun.desktop" value="windows"/>
    <property name="sun.cpu.isalist" value="amd64"/>
  </properties>
  <testcase classname="testcase.TestClass1" name="Login" time="17.902"/>
  <testcase classname="testcase.TestClass2" name="userAction" time="66.77"/>
  <testcase classname="testcase.TestClass3" name="userSearch" time="23.278">
    <failure message="超时!! 15 秒之后还没找到元素 :[By.xpath: //*[@id=&quot;65&quot;]/h3/a]" type="java.lang.AssertionError">java.lang.AssertionError: 超时!! 15 秒之后还没找到元素 :[By.xpath: //*[@id=&quot;65&quot;]/h3/a]
	at org.testng.Assert.fail(Assert.java:94)
	at util.SeleniumUtil.waitForElementLoad(SeleniumUtil.java:201)
	at pagehelper.HelperSearchPage.clickLink(HelperSearchPage.java:29)
	at testcase.TestClass3.userSearch(TestClass3.java:21)
</failure>
  </testcase>
  <testcase classname="testcase.TestVote" name="vote" time="5.812">
    <failure message="stale element reference: element is not attached to the page document
  (Session info: chrome=62.0.3202.94)
  (Driver info: chromedriver=2.33.506120 (e3e53437346286c0bc2d2dc9aa4915ba81d9023f),platform=Windows NT 10.0.16299 x86_64) (WARNING: The server did not provide any stacktrace information)
Command duration or timeout: 14 milliseconds
For documentation on this error, please visit: http://seleniumhq.org/exceptions/stale_element_reference.html
Build info: version: &apos;3.0.1&apos;, revision: &apos;1969d75&apos;, time: &apos;2016-10-18 09:49:13 -0700&apos;
System info: host: &apos;LAPTOP-G48MEG8M&apos;, ip: &apos;169.254.97.33&apos;, os.name: &apos;Windows 10&apos;, os.arch: &apos;amd64&apos;, os.version: &apos;10.0&apos;, java.version: &apos;1.8.0_151&apos;
Driver info: org.openqa.selenium.chrome.ChromeDriver
Capabilities [{applicationCacheEnabled=false, rotatable=false, mobileEmulationEnabled=false, networkConnectionEnabled=false, chrome={chromedriverVersion=2.33.506120 (e3e53437346286c0bc2d2dc9aa4915ba81d9023f), userDataDir=C:\Users\lenovo\AppData\Local\Temp\scoped_dir16188_4971}, takesHeapSnapshot=true, pageLoadStrategy=normal, databaseEnabled=false, handlesAlerts=true, hasTouchScreen=false, version=62.0.3202.94, platform=XP, browserConnectionEnabled=false, nativeEvents=true, acceptSslCerts=true, locationContextEnabled=true, webStorageEnabled=true, browserName=chrome, takesScreenshot=true, javascriptEnabled=true, cssSelectorsEnabled=true, setWindowRect=true, unexpectedAlertBehaviour=}]
Session ID: c7f9f762fa182e97bb86abb9faf6f231" type="org.openqa.selenium.StaleElementReferenceException">org.openqa.selenium.StaleElementReferenceException: stale element reference: element is not attached to the page document
  (Session info: chrome=62.0.3202.94)
  (Driver info: chromedriver=2.33.506120 (e3e53437346286c0bc2d2dc9aa4915ba81d9023f),platform=Windows NT 10.0.16299 x86_64) (WARNING: The server did not provide any stacktrace information)
Command duration or timeout: 14 milliseconds
For documentation on this error, please visit: http://seleniumhq.org/exceptions/stale_element_reference.html
Build info: version: &apos;3.0.1&apos;, revision: &apos;1969d75&apos;, time: &apos;2016-10-18 09:49:13 -0700&apos;
System info: host: &apos;LAPTOP-G48MEG8M&apos;, ip: &apos;169.254.97.33&apos;, os.name: &apos;Windows 10&apos;, os.arch: &apos;amd64&apos;, os.version: &apos;10.0&apos;, java.version: &apos;1.8.0_151&apos;
Driver info: org.openqa.selenium.chrome.ChromeDriver
Capabilities [{applicationCacheEnabled=false, rotatable=false, mobileEmulationEnabled=false, networkConnectionEnabled=false, chrome={chromedriverVersion=2.33.506120 (e3e53437346286c0bc2d2dc9aa4915ba81d9023f), userDataDir=C:\Users\lenovo\AppData\Local\Temp\scoped_dir16188_4971}, takesHeapSnapshot=true, pageLoadStrategy=normal, databaseEnabled=false, handlesAlerts=true, hasTouchScreen=false, version=62.0.3202.94, platform=XP, browserConnectionEnabled=false, nativeEvents=true, acceptSslCerts=true, locationContextEnabled=true, webStorageEnabled=true, browserName=chrome, takesScreenshot=true, javascriptEnabled=true, cssSelectorsEnabled=true, setWindowRect=true, unexpectedAlertBehaviour=}]
Session ID: c7f9f762fa182e97bb86abb9faf6f231
	at sun.reflect.NativeConstructorAccessorImpl.newInstance0(Native Method)
	at sun.reflect.NativeConstructorAccessorImpl.newInstance(NativeConstructorAccessorImpl.java:62)
	at sun.reflect.DelegatingConstructorAccessorImpl.newInstance(DelegatingConstructorAccessorImpl.java:45)
	at java.lang.reflect.Constructor.newInstance(Constructor.java:423)
	at org.openqa.selenium.remote.ErrorHandler.createThrowable(ErrorHandler.java:216)
	at org.openqa.selenium.remote.ErrorHandler.throwIfResponseFailed(ErrorHandler.java:168)
	at org.openqa.selenium.remote.RemoteWebDriver.execute(RemoteWebDriver.java:635)
	at org.openqa.selenium.remote.RemoteWebElement.execute(RemoteWebElement.java:274)
	at org.openqa.selenium.remote.RemoteWebElement.click(RemoteWebElement.java:84)
	at pagehelper.HelperNewBlockPage.openNewBlock(HelperNewBlockPage.java:69)
	at testcase.TestVote.vote(TestVote.java:18)
</failure>
  </testcase>
</testsuite>