<?xml version="1.0" encoding="UTF-8"?>
<!-- Generated by org.testng.reporters.JUnitReportReporter -->
<testsuite hostname="LAPTOP-G48MEG8M" name="testcase.TestVote" tests="1" failures="0" timestamp="30 May 2018 11:39:15 GMT" time="31.317" errors="0">
  <testcase name="vote" time="31.317" classname="testcase.TestVote"/>
</testsuite> <!-- testcase.TestVote -->
